SF:lib\data\models\genre_model.dart
DA:5,1
DA:13,2
DA:14,1
DA:15,1
DA:18,2
DA:19,1
DA:20,1
DA:23,1
DA:24,3
DA:27,1
DA:28,3
LF:11
LH:11
end_of_record
SF:lib\domain\entities\genre.dart
DA:4,1
DA:12,1
DA:13,3
LF:3
LH:3
end_of_record
SF:lib\data\datasources\db\database_helper.dart
DA:9,0
DA:13,0
DA:17,0
DA:19,0
DA:26,0
DA:27,0
DA:28,0
DA:30,0
DA:33,0
DA:34,0
DA:39,0
DA:40,0
DA:49,0
DA:52,0
DA:53,0
DA:54,0
DA:57,0
DA:58,0
DA:59,0
DA:62,0
DA:66,0
DA:67,0
DA:68,0
DA:71,0
DA:74,0
DA:75,0
DA:81,0
DA:82,0
DA:83,0
LF:29
LH:0
end_of_record
SF:lib\data\models\movie_table.dart
DA:12,6
DA:20,0
DA:21,0
DA:22,0
DA:23,0
DA:24,0
DA:28,2
DA:29,1
DA:30,1
DA:31,1
DA:32,1
DA:33,1
DA:36,0
DA:37,0
DA:38,0
DA:39,0
DA:40,0
DA:41,0
DA:44,0
DA:45,0
DA:46,0
DA:47,0
DA:48,0
DA:51,2
DA:53,12
LF:25
LH:9
end_of_record
SF:lib\utils\encrypt.dart
DA:3,0
DA:4,0
DA:5,0
DA:7,0
DA:9,0
DA:11,0
LF:6
LH:0
end_of_record
SF:lib\data\datasources\local\local_data_source.dart
DA:15,1
DA:18,1
DA:20,3
DA:23,2
DA:28,1
DA:30,3
DA:33,2
DA:38,1
DA:39,3
DA:41,1
DA:48,1
DA:49,3
DA:50,4
LF:13
LH:13
end_of_record
SF:lib\utils\exception.dart
DA:6,2
LF:1
LH:1
end_of_record
SF:lib\utils\failure.dart
DA:6,2
DA:8,1
DA:9,2
DA:13,2
DA:17,0
DA:21,2
LF:6
LH:5
end_of_record
SF:lib\data\repositories\watchlist_repository_impl.dart
DA:10,1
DA:15,1
DA:16,3
DA:21,1
DA:22,3
DA:23,2
DA:27,1
DA:29,3
DA:30,1
DA:31,1
DA:32,3
DA:37,1
DA:39,3
DA:40,1
DA:41,1
DA:42,3
LF:16
LH:16
end_of_record
SF:lib\domain\usecases\save_watchlist_movies.dart
DA:9,1
DA:11,1
DA:12,2
LF:3
LH:3
end_of_record
SF:lib\styles\text_styles.dart
DA:5,0
DA:7,0
DA:9,0
DA:11,0
DA:15,0
LF:5
LH:0
end_of_record
SF:lib\utils\state_enum.dart
DA:1,4
LF:1
LH:1
end_of_record
SF:lib\utils\utils.dart
DA:3,0
LF:1
LH:0
end_of_record
SF:lib\domain\usecases\get_watchlist_movies.dart
DA:9,1
DA:11,1
DA:12,2
LF:3
LH:3
end_of_record
SF:lib\domain\usecases\remove_watchlist_movies.dart
DA:9,1
DA:11,1
DA:12,2
LF:3
LH:3
end_of_record
SF:lib\presentation\bloc\watchlist\watchlist_event.dart
DA:5,1
DA:7,0
DA:8,0
DA:16,0
DA:18,0
DA:19,0
DA:25,0
DA:27,0
DA:28,0
LF:9
LH:1
end_of_record
SF:lib\presentation\bloc\watchlist\watchlist_bloc.dart
DA:17,1
DA:21,2
DA:24,1
DA:25,1
DA:26,2
DA:27,3
DA:29,2
DA:30,1
DA:31,3
DA:33,1
DA:34,2
DA:35,2
DA:37,0
DA:41,0
DA:42,0
DA:43,0
DA:44,0
DA:45,0
DA:46,0
LF:19
LH:12
end_of_record
SF:lib\presentation\bloc\watchlist\watchlist_state.dart
DA:5,1
DA:7,1
DA:8,1
DA:18,1
DA:20,1
DA:21,2
DA:27,1
DA:29,1
DA:30,2
LF:9
LH:9
end_of_record
SF:lib\domain\usecases\get_watchlist_status_movies.dart
DA:6,1
DA:8,1
DA:9,2
LF:3
LH:3
end_of_record
