SF:lib\data\models\episode_model.dart
DA:5,3
DA:27,4
DA:28,2
DA:29,2
DA:30,2
DA:31,2
DA:32,2
DA:33,2
DA:34,4
DA:35,4
DA:36,2
DA:39,2
DA:40,1
DA:41,1
DA:42,1
DA:43,1
DA:44,1
DA:45,1
DA:46,1
DA:47,1
DA:48,1
DA:51,1
DA:52,1
DA:53,1
DA:54,1
DA:55,1
DA:56,1
DA:57,1
DA:58,1
DA:59,1
DA:60,1
DA:61,1
DA:65,2
DA:66,2
DA:67,2
DA:68,2
DA:69,2
DA:70,2
DA:71,2
DA:72,2
DA:73,2
DA:74,2
DA:75,2
LF:43
LH:43
end_of_record
SF:lib\domain\entities\episode.dart
DA:4,3
DA:26,2
DA:27,2
DA:28,2
DA:29,2
DA:30,2
DA:31,2
DA:32,2
DA:33,2
DA:34,2
DA:35,2
DA:36,2
LF:12
LH:12
end_of_record
SF:lib\data\datasources\series_remote_data_source.dart
DA:26,1
DA:29,1
DA:31,5
DA:33,2
DA:34,4
DA:36,1
DA:41,1
DA:42,5
DA:44,2
DA:45,3
DA:47,1
DA:52,1
DA:54,5
DA:56,2
DA:57,3
DA:59,1
DA:64,1
DA:65,2
DA:66,3
DA:68,2
DA:69,4
DA:71,1
DA:76,1
DA:78,5
DA:80,2
DA:81,4
DA:83,1
DA:88,1
DA:90,5
DA:92,2
DA:93,4
DA:95,1
DA:100,1
DA:101,2
DA:102,3
DA:104,2
DA:105,4
DA:107,1
LF:38
LH:38
end_of_record
SF:lib\data\models\episode_response.dart
DA:7,2
DA:25,2
DA:26,2
DA:27,2
DA:28,2
DA:29,8
DA:30,2
DA:31,2
DA:32,2
DA:33,2
DA:34,2
DA:37,2
DA:38,1
DA:39,5
DA:40,1
DA:41,1
DA:42,1
DA:43,1
DA:44,1
DA:47,0
DA:48,0
DA:49,0
DA:50,0
DA:51,0
DA:52,0
DA:53,0
DA:54,0
DA:55,0
DA:59,2
DA:60,2
DA:61,2
DA:62,2
DA:63,2
DA:64,2
DA:65,2
DA:66,2
DA:67,2
LF:37
LH:28
end_of_record
SF:lib\data\models\series_detail_model.dart
DA:7,2
DA:55,1
DA:56,1
DA:57,1
DA:58,4
DA:59,1
DA:60,4
DA:61,1
DA:62,1
DA:63,1
DA:64,1
DA:65,1
DA:66,4
DA:67,1
DA:68,4
DA:69,1
DA:70,1
DA:71,1
DA:72,2
DA:73,1
DA:74,1
DA:75,1
DA:76,4
DA:77,1
DA:78,1
DA:79,2
DA:80,1
DA:83,0
DA:84,0
DA:85,0
DA:86,0
DA:87,0
DA:88,0
DA:89,0
DA:90,0
DA:91,0
DA:92,0
DA:93,0
DA:94,0
DA:95,0
DA:96,0
DA:97,0
DA:98,0
DA:99,0
DA:100,0
DA:101,0
DA:102,0
DA:103,0
DA:106,1
DA:107,1
DA:108,1
DA:109,1
DA:110,1
DA:111,5
DA:112,1
DA:113,1
DA:114,1
DA:115,1
DA:116,1
DA:117,1
DA:118,1
DA:119,5
DA:120,1
DA:121,1
DA:125,1
DA:126,1
DA:127,1
DA:128,1
DA:129,1
DA:130,1
DA:131,1
DA:132,1
DA:133,1
DA:134,1
DA:135,1
DA:136,1
DA:137,1
DA:138,1
DA:139,1
DA:140,1
DA:141,1
DA:142,1
DA:143,1
DA:144,1
DA:145,1
DA:146,1
DA:147,1
DA:148,1
LF:88
LH:67
end_of_record
SF:lib\data\models\series_response.dart
DA:7,1
DA:9,2
DA:10,2
DA:11,3
DA:12,3
DA:15,0
DA:16,0
DA:19,0
DA:20,0
LF:9
LH:5
end_of_record
SF:lib\data\models\series_model.dart
DA:5,2
DA:35,2
DA:36,1
DA:37,4
DA:38,4
DA:39,1
DA:40,1
DA:41,1
DA:42,1
DA:43,2
DA:44,1
DA:45,1
DA:46,1
DA:47,2
DA:48,1
DA:51,0
DA:52,0
DA:53,0
DA:54,0
DA:55,0
DA:56,0
DA:57,0
DA:58,0
DA:59,0
DA:60,0
DA:61,0
DA:62,0
DA:63,0
DA:64,0
DA:67,1
DA:68,1
DA:69,1
DA:70,1
DA:71,1
DA:72,1
DA:73,1
DA:74,1
DA:75,1
DA:76,1
DA:77,1
DA:78,1
DA:79,1
DA:80,2
DA:81,1
DA:85,1
DA:86,1
DA:87,1
DA:88,1
DA:89,1
DA:90,1
DA:91,1
DA:92,1
DA:93,1
DA:94,1
DA:95,1
DA:96,1
DA:97,1
DA:98,1
DA:99,1
LF:59
LH:45
end_of_record
SF:lib\domain\entities\episode_enitity.dart
DA:6,2
DA:24,1
DA:25,1
DA:26,1
DA:27,1
DA:28,1
DA:29,1
DA:30,1
DA:31,1
DA:32,1
LF:10
LH:10
end_of_record
SF:lib\domain\entities\series.dart
DA:4,5
DA:20,0
DA:41,5
DA:42,5
DA:43,5
DA:44,5
DA:45,5
DA:46,5
DA:47,5
DA:48,5
DA:49,5
DA:50,5
DA:51,5
DA:52,5
DA:53,5
DA:54,5
DA:55,5
LF:17
LH:16
end_of_record
SF:lib\domain\entities\series_detail.dart
DA:6,3
DA:38,2
DA:39,2
DA:40,2
DA:41,2
DA:42,2
DA:43,2
DA:44,2
DA:45,2
DA:46,2
DA:47,2
DA:48,2
DA:49,2
DA:50,2
DA:51,2
DA:52,2
DA:53,2
LF:17
LH:17
end_of_record
SF:lib\data\models\seasons_model.dart
DA:5,2
DA:23,2
DA:24,1
DA:25,1
DA:26,1
DA:27,1
DA:28,1
DA:29,1
DA:30,1
DA:33,0
DA:34,0
DA:35,0
DA:36,0
DA:37,0
DA:38,0
DA:39,0
DA:40,0
DA:43,1
DA:44,1
DA:45,1
DA:46,1
DA:47,1
DA:48,1
DA:49,1
DA:50,1
DA:51,1
DA:55,1
DA:56,1
DA:57,1
DA:58,1
DA:59,1
DA:60,1
DA:61,1
DA:62,1
DA:63,1
LF:35
LH:27
end_of_record
SF:lib\domain\entities\seasons.dart
DA:4,3
DA:22,2
DA:23,2
DA:24,2
DA:25,2
DA:26,2
DA:27,2
DA:28,2
DA:29,2
DA:30,2
LF:10
LH:10
end_of_record
SF:lib\data\repositories\series_repository_impl.dart
DA:14,1
DA:19,1
DA:21,3
DA:22,5
DA:23,1
DA:24,2
DA:25,1
DA:26,2
DA:31,1
DA:33,3
DA:34,2
DA:35,1
DA:36,2
DA:37,1
DA:38,2
DA:43,0
DA:46,0
DA:47,0
DA:48,0
DA:49,0
DA:50,0
DA:51,0
DA:56,1
DA:58,3
DA:59,3
DA:60,1
DA:61,2
DA:62,1
DA:63,2
DA:68,1
DA:70,3
DA:71,5
DA:72,1
DA:73,2
DA:74,1
DA:75,2
DA:80,1
DA:82,3
DA:83,5
DA:84,1
DA:85,2
DA:86,1
DA:87,2
DA:92,1
DA:94,3
DA:95,5
DA:96,1
DA:97,2
DA:98,1
DA:99,2
LF:50
LH:43
end_of_record
SF:lib\domain\usecases\get_now_playing_series.dart
DA:9,1
DA:11,1
DA:12,2
LF:3
LH:3
end_of_record
SF:lib\domain\usecases\get_popular_series.dart
DA:9,1
DA:11,1
DA:12,2
LF:3
LH:3
end_of_record
SF:lib\domain\usecases\get_series_detail.dart
DA:9,1
DA:11,1
DA:12,2
LF:3
LH:3
end_of_record
SF:lib\domain\usecases\get_series_episode.dart
DA:9,1
DA:11,1
DA:12,2
LF:3
LH:3
end_of_record
SF:lib\domain\usecases\get_series_recommendations.dart
DA:9,1
DA:11,1
DA:12,2
LF:3
LH:3
end_of_record
SF:lib\domain\usecases\get_top_rated_series.dart
DA:9,1
DA:11,1
DA:12,2
LF:3
LH:3
end_of_record
SF:lib\presentation\bloc\now_playing_series\now_playing_series_bloc.dart
DA:14,3
DA:17,1
DA:19,1
DA:20,2
DA:21,3
DA:23,2
DA:24,1
DA:25,3
DA:27,1
DA:28,2
LF:10
LH:10
end_of_record
SF:lib\presentation\bloc\now_playing_series\now_playing_series_state.dart
DA:5,1
DA:7,1
DA:8,1
DA:18,1
DA:20,1
DA:21,2
DA:27,1
DA:29,1
DA:30,2
LF:9
LH:9
end_of_record
SF:lib\presentation\bloc\now_playing_series\now_playing_series_event.dart
DA:5,1
DA:7,0
DA:8,0
LF:3
LH:1
end_of_record
SF:lib\presentation\bloc\popular_series\popular_series_state.dart
DA:5,1
DA:7,1
DA:8,1
DA:18,1
DA:20,1
DA:21,2
DA:27,1
DA:29,1
DA:30,2
LF:9
LH:9
end_of_record
SF:lib\presentation\bloc\popular_series\popular_series_bloc.dart
DA:13,3
DA:16,1
DA:17,1
DA:18,2
DA:19,3
DA:21,2
DA:22,1
DA:23,3
DA:25,1
DA:26,2
LF:10
LH:10
end_of_record
SF:lib\presentation\bloc\popular_series\popular_series_event.dart
DA:5,1
DA:7,0
DA:8,0
LF:3
LH:1
end_of_record
SF:lib\presentation\bloc\series_detail\series_detail_state.dart
DA:5,1
DA:7,1
DA:8,1
DA:18,1
DA:20,1
DA:21,2
DA:28,1
DA:30,1
DA:31,3
LF:9
LH:9
end_of_record
SF:lib\presentation\bloc\series_detail\series_detail_bloc.dart
DA:15,1
DA:16,2
DA:19,1
DA:20,1
DA:21,1
DA:22,2
DA:23,3
DA:24,3
DA:26,2
DA:27,1
DA:28,3
DA:30,1
DA:31,2
LF:13
LH:13
end_of_record
SF:lib\presentation\bloc\series_detail\series_detail_event.dart
DA:5,1
DA:7,0
DA:8,0
DA:14,1
DA:16,0
DA:17,0
LF:6
LH:2
end_of_record
SF:lib\presentation\bloc\series_episode\series_episode_event.dart
DA:5,1
DA:7,0
DA:8,0
DA:15,1
DA:17,0
DA:18,0
LF:6
LH:2
end_of_record
SF:lib\presentation\bloc\series_episode\series_episode_state.dart
DA:5,1
DA:7,1
DA:8,1
DA:18,1
DA:20,1
DA:21,2
DA:27,1
DA:29,1
DA:30,2
LF:9
LH:9
end_of_record
SF:lib\presentation\bloc\series_episode\series_episode_bloc.dart
DA:13,3
DA:16,1
DA:17,1
DA:18,1
DA:19,1
DA:20,2
DA:21,3
DA:23,2
DA:24,1
DA:25,3
DA:27,1
DA:28,2
LF:12
LH:12
end_of_record
SF:lib\presentation\bloc\series_recommendations\series_recommendations_state.dart
DA:5,1
DA:7,1
DA:8,1
DA:18,1
DA:20,1
DA:21,2
DA:27,1
DA:29,1
DA:30,2
LF:9
LH:9
end_of_record
SF:lib\presentation\bloc\series_recommendations\series_recommendations_event.dart
DA:5,1
DA:7,0
DA:8,0
DA:14,1
DA:16,0
DA:17,0
LF:6
LH:2
end_of_record
SF:lib\presentation\bloc\series_recommendations\series_recommendations_bloc.dart
DA:14,1
DA:15,2
DA:18,1
DA:20,1
DA:21,1
DA:22,2
DA:23,3
DA:25,2
DA:26,1
DA:27,3
DA:29,1
DA:30,2
LF:12
LH:12
end_of_record
SF:lib\presentation\bloc\top_rated_series\top_rated_series_bloc.dart
DA:14,3
DA:17,1
DA:19,1
DA:20,2
DA:21,3
DA:23,2
DA:24,1
DA:25,3
DA:27,1
DA:28,2
LF:10
LH:10
end_of_record
SF:lib\presentation\bloc\top_rated_series\top_rated_series_state.dart
DA:5,1
DA:7,1
DA:8,1
DA:18,1
DA:20,1
DA:21,2
DA:27,1
DA:29,1
DA:30,2
LF:9
LH:9
end_of_record
SF:lib\presentation\bloc\top_rated_series\top_rated_series_event.dart
DA:5,1
DA:7,0
DA:8,0
LF:3
LH:1
end_of_record
