SF:lib\data\models\movie_detail_model.dart
DA:6,3
DA:52,2
DA:53,2
DA:54,2
DA:55,2
DA:56,2
DA:57,2
DA:58,8
DA:59,2
DA:60,2
DA:61,2
DA:62,2
DA:63,2
DA:64,2
DA:65,4
DA:66,2
DA:67,2
DA:68,2
DA:69,2
DA:70,2
DA:71,2
DA:72,2
DA:73,2
DA:74,4
DA:75,2
DA:78,2
DA:79,1
DA:80,1
DA:81,1
DA:82,5
DA:83,1
DA:84,1
DA:85,1
DA:86,1
DA:87,1
DA:88,1
DA:89,1
DA:90,1
DA:91,1
DA:92,1
DA:93,1
DA:94,1
DA:95,1
DA:96,1
DA:97,1
DA:98,1
DA:99,1
DA:102,2
DA:103,2
DA:104,2
DA:105,2
DA:106,10
DA:107,2
DA:108,2
DA:109,2
DA:110,2
DA:111,2
DA:112,2
DA:113,2
DA:114,2
DA:115,2
DA:119,2
DA:121,2
DA:122,2
DA:123,2
DA:124,2
DA:125,2
DA:126,2
DA:127,2
DA:128,2
DA:129,2
DA:130,2
DA:131,2
DA:132,2
DA:133,2
DA:134,2
DA:135,2
DA:136,2
DA:137,2
DA:138,2
DA:139,2
DA:140,2
DA:141,2
DA:142,2
LF:84
LH:84
end_of_record
SF:lib\domain\entities\movie_detail.dart
DA:5,4
DA:33,3
DA:34,3
DA:35,3
DA:36,3
DA:37,3
DA:38,3
DA:39,3
DA:40,3
DA:41,3
DA:42,3
DA:43,3
DA:44,3
DA:45,3
LF:14
LH:14
end_of_record
SF:lib\data\datasources\movie_remote_data_source.dart
DA:24,1
DA:27,1
DA:29,5
DA:31,2
DA:32,4
DA:34,1
DA:39,1
DA:41,5
DA:43,2
DA:44,3
DA:46,1
DA:51,1
DA:52,2
DA:53,3
DA:55,2
DA:56,4
DA:58,1
DA:63,1
DA:65,5
DA:67,2
DA:68,4
DA:70,1
DA:75,1
DA:77,5
DA:79,2
DA:80,4
DA:82,1
DA:87,1
DA:88,2
DA:89,3
DA:91,2
DA:92,4
DA:94,1
LF:33
LH:33
end_of_record
SF:lib\data\models\movie_model.dart
DA:5,4
DA:35,4
DA:36,2
DA:37,2
DA:38,8
DA:39,2
DA:40,2
DA:41,2
DA:42,4
DA:43,2
DA:44,2
DA:45,2
DA:46,2
DA:47,4
DA:48,2
DA:51,2
DA:52,1
DA:53,1
DA:54,4
DA:55,1
DA:56,1
DA:57,1
DA:58,1
DA:59,1
DA:60,1
DA:61,1
DA:62,1
DA:63,1
DA:64,1
DA:67,2
DA:68,2
DA:69,2
DA:70,2
DA:71,2
DA:72,2
DA:73,2
DA:74,2
DA:75,2
DA:76,2
DA:77,2
DA:78,2
DA:79,2
DA:80,2
DA:81,2
DA:85,2
DA:86,2
DA:87,2
DA:88,2
DA:89,2
DA:90,2
DA:91,2
DA:92,2
DA:93,2
DA:94,2
DA:95,2
DA:96,2
DA:97,2
DA:98,2
DA:99,2
LF:59
LH:59
end_of_record
SF:lib\data\models\movie_response.dart
DA:8,2
DA:10,4
DA:11,4
DA:12,6
DA:13,6
DA:16,2
DA:17,5
DA:20,1
DA:21,2
LF:9
LH:9
end_of_record
SF:lib\domain\entities\movie.dart
DA:4,6
DA:20,0
DA:41,6
DA:42,6
DA:43,6
DA:44,6
DA:45,6
DA:46,6
DA:47,6
DA:48,6
DA:49,6
DA:50,6
DA:51,6
DA:52,6
DA:53,6
DA:54,6
DA:55,6
LF:17
LH:16
end_of_record
SF:lib\data\repositories\movie_repository_impl.dart
DA:13,1
DA:18,1
DA:20,3
DA:21,5
DA:22,1
DA:23,2
DA:24,1
DA:25,2
DA:30,1
DA:32,3
DA:33,2
DA:34,1
DA:35,2
DA:36,1
DA:37,2
DA:42,1
DA:44,3
DA:45,3
DA:46,1
DA:47,2
DA:48,1
DA:49,2
DA:54,1
DA:56,3
DA:57,5
DA:58,1
DA:59,2
DA:60,1
DA:61,2
DA:66,1
DA:68,3
DA:69,5
DA:70,1
DA:71,2
DA:72,1
DA:73,2
DA:78,1
DA:80,3
DA:81,5
DA:82,1
DA:83,2
DA:84,1
DA:85,2
LF:43
LH:43
end_of_record
SF:lib\domain\usecases\get_movie_detail.dart
DA:9,1
DA:11,1
DA:12,2
LF:3
LH:3
end_of_record
SF:lib\domain\usecases\get_movie_recommendations.dart
DA:9,1
DA:11,1
DA:12,2
LF:3
LH:3
end_of_record
SF:lib\domain\usecases\get_now_playing_movies.dart
DA:9,1
DA:11,1
DA:12,2
LF:3
LH:3
end_of_record
SF:lib\domain\usecases\get_popular_movies.dart
DA:9,1
DA:11,1
DA:12,2
LF:3
LH:3
end_of_record
SF:lib\domain\usecases\get_top_rated_movies.dart
DA:9,1
DA:11,1
DA:12,2
LF:3
LH:3
end_of_record
SF:lib\presentation\bloc\top_rated_movies\top_rated_movies_bloc.dart
DA:14,3
DA:17,1
DA:19,1
DA:20,2
DA:21,3
DA:23,2
DA:24,1
DA:25,3
DA:27,1
DA:28,2
LF:10
LH:10
end_of_record
SF:lib\presentation\bloc\top_rated_movies\top_rated_movies_event.dart
DA:5,1
DA:7,0
DA:8,0
LF:3
LH:1
end_of_record
SF:lib\presentation\bloc\top_rated_movies\top_rated_movies_state.dart
DA:5,1
DA:7,1
DA:8,1
DA:18,1
DA:20,1
DA:21,2
DA:27,1
DA:29,1
DA:30,2
LF:9
LH:9
end_of_record
SF:lib\presentation\bloc\movie_detail\movie_detail_state.dart
DA:5,1
DA:7,1
DA:8,1
DA:18,1
DA:20,1
DA:21,2
DA:28,1
DA:30,1
DA:31,3
LF:9
LH:9
end_of_record
SF:lib\presentation\bloc\movie_detail\movie_detail_event.dart
DA:5,1
DA:7,0
DA:8,0
DA:14,1
DA:16,0
DA:17,0
LF:6
LH:2
end_of_record
SF:lib\presentation\bloc\movie_detail\movie_detail_bloc.dart
DA:15,1
DA:16,2
DA:19,1
DA:20,1
DA:21,1
DA:22,2
DA:23,3
DA:24,3
DA:26,2
DA:27,1
DA:28,3
DA:30,1
DA:31,2
LF:13
LH:13
end_of_record
SF:lib\presentation\bloc\movie_recommendations\movie_recommendations_bloc.dart
DA:14,1
DA:15,2
DA:18,1
DA:20,1
DA:21,1
DA:22,2
DA:23,3
DA:25,2
DA:26,1
DA:27,3
DA:29,1
DA:30,2
LF:12
LH:12
end_of_record
SF:lib\presentation\bloc\movie_recommendations\movie_recommendations_state.dart
DA:5,1
DA:7,1
DA:8,1
DA:18,1
DA:20,1
DA:21,2
DA:27,1
DA:29,1
DA:30,2
LF:9
LH:9
end_of_record
SF:lib\presentation\bloc\movie_recommendations\movie_recommendations_event.dart
DA:5,1
DA:7,0
DA:8,0
DA:14,1
DA:16,0
DA:17,0
LF:6
LH:2
end_of_record
SF:lib\presentation\bloc\now_playing_movies\now_playing_movies_state.dart
DA:5,1
DA:7,1
DA:8,1
DA:18,1
DA:20,1
DA:21,2
DA:27,1
DA:29,1
DA:30,2
LF:9
LH:9
end_of_record
SF:lib\presentation\bloc\now_playing_movies\now_playing_movies_event.dart
DA:5,1
DA:7,0
DA:8,0
LF:3
LH:1
end_of_record
SF:lib\presentation\bloc\now_playing_movies\now_playing_movies_bloc.dart
DA:14,3
DA:17,1
DA:19,1
DA:20,2
DA:21,3
DA:23,2
DA:24,1
DA:25,3
DA:27,1
DA:28,2
LF:10
LH:10
end_of_record
SF:lib\presentation\bloc\popular_movies\popular_movies_state.dart
DA:5,1
DA:7,1
DA:8,1
DA:18,1
DA:20,1
DA:21,2
DA:27,1
DA:29,1
DA:30,2
LF:9
LH:9
end_of_record
SF:lib\presentation\bloc\popular_movies\popular_movies_bloc.dart
DA:13,3
DA:16,1
DA:17,1
DA:18,2
DA:19,3
DA:21,2
DA:22,1
DA:23,3
DA:25,1
DA:26,2
LF:10
LH:10
end_of_record
SF:lib\presentation\bloc\popular_movies\popular_movies_event.dart
DA:5,1
DA:7,0
DA:8,0
LF:3
LH:1
end_of_record
