SF:lib\domain\usecases\search_movies.dart
DA:9,1
DA:11,1
DA:12,2
LF:3
LH:3
end_of_record
SF:lib\domain\usecases\search_series.dart
DA:9,1
DA:11,1
DA:12,2
LF:3
LH:3
end_of_record
SF:lib\presentation\bloc\search_movie_state.dart
DA:5,1
DA:7,1
DA:8,1
DA:18,1
DA:20,1
DA:21,2
DA:27,1
DA:29,1
DA:30,2
LF:9
LH:9
end_of_record
SF:lib\presentation\bloc\search_movie_event.dart
DA:5,1
DA:7,0
DA:8,0
DA:14,1
DA:16,0
DA:17,0
LF:6
LH:2
end_of_record
SF:lib\presentation\bloc\search_movie_bloc.dart
DA:14,3
DA:17,1
DA:18,1
DA:19,1
DA:21,2
DA:22,3
DA:24,2
DA:25,1
DA:26,3
DA:28,1
DA:29,2
DA:30,2
DA:33,0
DA:40,1
DA:45,1
DA:46,1
LF:16
LH:15
end_of_record
SF:lib\presentation\bloc\search_series_state.dart
DA:5,1
DA:7,1
DA:8,1
DA:18,1
DA:20,1
DA:21,2
DA:27,1
DA:29,1
DA:30,2
LF:9
LH:9
end_of_record
SF:lib\presentation\bloc\search_series_event.dart
DA:5,1
DA:7,0
DA:8,0
DA:14,1
DA:16,0
DA:17,0
LF:6
LH:2
end_of_record
SF:lib\presentation\bloc\search_series_bloc.dart
DA:14,3
DA:17,1
DA:18,1
DA:19,1
DA:21,2
DA:22,3
DA:24,2
DA:25,1
DA:26,3
DA:28,1
DA:29,2
DA:30,2
DA:32,0
DA:39,1
DA:44,1
DA:45,1
LF:16
LH:15
end_of_record
